{
  "RSpec": {
    "coverage": {
      "/mnt/c/Projects/TAMU_Polo_Assignment_Maker/app/helpers/application_helper.rb": [
        1,
        null,
        1,
        0,
        null,
        null,
        1,
        0,
        0,
        null,
        null,
        null,
        1,
        0,
        0,
        0,
        0,
        null,
        null
      ],
      "/mnt/c/Projects/TAMU_Polo_Assignment_Maker/app/helpers/assignments_helper.rb": [
        1,
        null
      ],
      "/mnt/c/Projects/TAMU_Polo_Assignment_Maker/app/helpers/home_helper.rb": [
        1,
        null
      ],
      "/mnt/c/Projects/TAMU_Polo_Assignment_Maker/app/helpers/horses_helper.rb": [
        1,
        null
      ],
      "/mnt/c/Projects/TAMU_Polo_Assignment_Maker/app/helpers/practices_helper.rb": [
        1,
        1,
        0,
        null,
        null
      ],
      "/mnt/c/Projects/TAMU_Polo_Assignment_Maker/app/helpers/sessions_helper.rb": [
        1,
        null,
        1,
        2,
        2,
        null,
        null,
        1,
        0,
        0,
        null,
        null,
        null,
        null,
        1,
        0,
        null,
        null,
        1,
        0,
        0,
        null,
        null,
        null,
        null,
        1,
        null,
        0,
        0,
        null,
        null,
        0,
        null,
        0,
        0,
        null,
        0,
        null,
        null,
        null,
        1,
        1,
        1,
        null,
        null
      ],
      "/mnt/c/Projects/TAMU_Polo_Assignment_Maker/app/helpers/users_helper.rb": [
        1,
        null
      ],
      "/mnt/c/Projects/TAMU_Polo_Assignment_Maker/app/controllers/assignments_controller.rb": [
        1,
        1,
        null,
        1,
        0,
        0,
        null,
        0,
        0,
        null,
        null,
        1,
        0,
        0,
        null,
        null,
        1,
        0,
        0,
        0,
        0,
        0,
        0,
        null,
        0,
        null,
        0,
        0,
        0,
        null,
        0,
        0,
        null,
        null,
        null
      ],
      "/mnt/c/Projects/TAMU_Polo_Assignment_Maker/app/controllers/application_controller.rb": [
        1,
        null,
        null,
        1,
        1,
        1,
        null
      ],
      "/mnt/c/Projects/TAMU_Polo_Assignment_Maker/app/controllers/home_controller.rb": [
        1,
        1,
        null,
        null,
        null
      ],
      "/mnt/c/Projects/TAMU_Polo_Assignment_Maker/app/controllers/horses_controller.rb": [
        1,
        1,
        null,
        1,
        0,
        null,
        null,
        1,
        4,
        null,
        null,
        null,
        4,
        3,
        3,
        3,
        null,
        1,
        1,
        null,
        null,
        null,
        1,
        0,
        null,
        null,
        1,
        1,
        1,
        1,
        1,
        1,
        null,
        0,
        0,
        null,
        null,
        null,
        1,
        1,
        1,
        1,
        null,
        null,
        1,
        0,
        null,
        null,
        1,
        null,
        null,
        1,
        5,
        null,
        null
      ],
      "/mnt/c/Projects/TAMU_Polo_Assignment_Maker/app/controllers/practices_controller.rb": [
        1,
        1,
        null,
        1,
        0,
        null,
        null,
        1,
        1,
        null,
        null,
        1,
        0,
        0,
        null,
        0,
        0,
        0,
        null,
        0,
        0,
        null,
        null,
        null,
        1,
        0,
        null,
        null,
        1,
        0,
        null,
        0,
        null,
        0,
        0,
        0,
        0,
        null,
        0,
        0,
        null,
        null,
        null,
        1,
        0,
        0,
        0,
        null,
        null,
        1,
        null,
        null,
        1,
        0,
        null,
        null
      ],
      "/mnt/c/Projects/TAMU_Polo_Assignment_Maker/app/controllers/sessions_controller.rb": [
        1,
        null,
        1,
        null,
        null,
        null,
        1,
        null,
        null,
        0,
        null,
        0,
        0,
        0,
        null,
        null,
        0,
        0,
        null,
        null,
        null,
        1,
        1,
        1,
        null,
        null,
        null
      ],
      "/mnt/c/Projects/TAMU_Polo_Assignment_Maker/app/controllers/users_controller.rb": [
        1,
        1,
        null,
        1,
        0,
        0,
        0,
        0,
        0,
        null,
        0,
        null,
        null,
        0,
        0,
        0,
        0,
        0,
        null,
        0,
        null,
        null,
        0,
        0,
        null,
        null,
        null,
        null,
        0,
        0,
        null,
        0,
        0,
        null,
        null,
        null,
        null,
        1,
        1,
        null,
        null,
        1,
        2,
        2,
        null,
        2,
        2,
        2,
        2,
        null,
        0,
        0,
        null,
        null,
        null,
        1,
        0,
        null,
        0,
        0,
        0,
        null,
        null,
        0,
        null,
        null,
        1,
        0,
        null,
        0,
        0,
        0,
        null,
        null,
        0,
        null,
        null,
        1,
        null,
        null,
        1,
        2,
        null,
        null
      ],
      "/mnt/c/Projects/TAMU_Polo_Assignment_Maker/app/models/assignment.rb": [
        1,
        1,
        1,
        1,
        1,
        1,
        null
      ],
      "/mnt/c/Projects/TAMU_Polo_Assignment_Maker/app/models/horse.rb": [
        1,
        1,
        1,
        1,
        null,
        null,
        1,
        5,
        null,
        null
      ],
      "/mnt/c/Projects/TAMU_Polo_Assignment_Maker/app/models/practice.rb": [
        1,
        1,
        1,
        1,
        1,
        1,
        null,
        1,
        0,
        null,
        null
      ],
      "/mnt/c/Projects/TAMU_Polo_Assignment_Maker/app/models/user.rb": [
        1,
        1,
        1,
        null,
        5,
        1,
        1,
        1,
        1,
        null,
        null,
        1,
        1,
        null
      ]
    },
    "timestamp": 1555720058
  },
  "Cucumber Features": {
    "coverage": {
      "/mnt/c/Projects/TAMU_Polo_Assignment_Maker/app/controllers/users_controller.rb": [
        1,
        1,
        null,
        1,
        13,
        6,
        7,
        2,
        2,
        null,
        5,
        null,
        null,
        13,
        5,
        8,
        3,
        3,
        null,
        5,
        null,
        null,
        13,
        4,
        null,
        null,
        null,
        null,
        13,
        13,
        null,
        13,
        13,
        null,
        null,
        null,
        null,
        1,
        13,
        null,
        null,
        1,
        13,
        13,
        null,
        13,
        9,
        9,
        9,
        null,
        4,
        4,
        null,
        null,
        null,
        1,
        0,
        null,
        0,
        0,
        0,
        null,
        null,
        0,
        null,
        null,
        1,
        0,
        null,
        0,
        0,
        0,
        null,
        null,
        0,
        null,
        null,
        1,
        null,
        null,
        1,
        13,
        null,
        null
      ],
      "/mnt/c/Projects/TAMU_Polo_Assignment_Maker/app/controllers/application_controller.rb": [
        1,
        null,
        null,
        1,
        1,
        1,
        null
      ],
      "/mnt/c/Projects/TAMU_Polo_Assignment_Maker/app/helpers/application_helper.rb": [
        1,
        null,
        1,
        0,
        null,
        null,
        1,
        0,
        0,
        null,
        null,
        null,
        1,
        0,
        0,
        0,
        0,
        null,
        null
      ],
      "/mnt/c/Projects/TAMU_Polo_Assignment_Maker/app/helpers/assignments_helper.rb": [
        1,
        null
      ],
      "/mnt/c/Projects/TAMU_Polo_Assignment_Maker/app/helpers/home_helper.rb": [
        1,
        null
      ],
      "/mnt/c/Projects/TAMU_Polo_Assignment_Maker/app/helpers/horses_helper.rb": [
        1,
        null
      ],
      "/mnt/c/Projects/TAMU_Polo_Assignment_Maker/app/helpers/practices_helper.rb": [
        1,
        1,
        0,
        null,
        null
      ],
      "/mnt/c/Projects/TAMU_Polo_Assignment_Maker/app/helpers/sessions_helper.rb": [
        1,
        null,
        1,
        9,
        9,
        null,
        null,
        1,
        0,
        0,
        null,
        null,
        null,
        null,
        1,
        111,
        null,
        null,
        1,
        0,
        0,
        null,
        null,
        null,
        null,
        1,
        null,
        7,
        0,
        null,
        null,
        7,
        null,
        7,
        7,
        null,
        0,
        null,
        null,
        null,
        1,
        1,
        1,
        null,
        null
      ],
      "/mnt/c/Projects/TAMU_Polo_Assignment_Maker/app/helpers/users_helper.rb": [
        1,
        null
      ],
      "/mnt/c/Projects/TAMU_Polo_Assignment_Maker/app/models/user.rb": [
        1,
        1,
        1,
        null,
        30,
        1,
        1,
        1,
        1,
        null,
        null,
        1,
        1,
        null
      ],
      "/mnt/c/Projects/TAMU_Polo_Assignment_Maker/app/controllers/home_controller.rb": [
        1,
        1,
        null,
        null,
        null
      ],
      "/mnt/c/Projects/TAMU_Polo_Assignment_Maker/app/controllers/sessions_controller.rb": [
        1,
        null,
        1,
        null,
        null,
        null,
        1,
        null,
        null,
        0,
        null,
        0,
        0,
        0,
        null,
        null,
        0,
        0,
        null,
        null,
        null,
        1,
        1,
        1,
        null,
        null,
        null
      ],
      "/mnt/c/Projects/TAMU_Polo_Assignment_Maker/app/controllers/horses_controller.rb": [
        1,
        1,
        null,
        1,
        2,
        null,
        null,
        1,
        2,
        null,
        null,
        null,
        2,
        1,
        1,
        1,
        null,
        1,
        1,
        null,
        null,
        null,
        1,
        0,
        null,
        null,
        1,
        0,
        0,
        0,
        0,
        0,
        null,
        0,
        0,
        null,
        null,
        null,
        1,
        0,
        0,
        0,
        null,
        null,
        1,
        6,
        null,
        null,
        1,
        null,
        null,
        1,
        2,
        null,
        null
      ],
      "/mnt/c/Projects/TAMU_Polo_Assignment_Maker/app/models/horse.rb": [
        1,
        1,
        1,
        1,
        null,
        null,
        1,
        2,
        null,
        null
      ],
      "/mnt/c/Projects/TAMU_Polo_Assignment_Maker/app/controllers/assignments_controller.rb": [
        0,
        0,
        null,
        0,
        0,
        0,
        null,
        0,
        0,
        0,
        null,
        0,
        0,
        0,
        0,
        null,
        0,
        0,
        0,
        0,
        0,
        0,
        0,
        null,
        0,
        null,
        0,
        0,
        0,
        0,
        0,
        0,
        0,
        0,
        0
      ],
      "/mnt/c/Projects/TAMU_Polo_Assignment_Maker/app/controllers/practices_controller.rb": [
        0,
        0,
        null,
        0,
        0,
        0,
        null,
        0,
        0,
        0,
        null,
        0,
        0,
        0,
        null,
        0,
        0,
        0,
        0,
        0,
        0,
        0,
        0,
        null,
        0,
        0,
        0,
        null,
        0,
        0,
        null,
        0,
        null,
        0,
        0,
        0,
        0,
        0,
        0,
        0,
        0,
        0,
        null,
        0,
        0,
        0,
        0,
        0,
        null,
        0,
        null,
        null,
        0,
        0,
        0,
        0
      ],
      "/mnt/c/Projects/TAMU_Polo_Assignment_Maker/app/models/assignment.rb": [
        0,
        0,
        0,
        0,
        0,
        0,
        0
      ],
      "/mnt/c/Projects/TAMU_Polo_Assignment_Maker/app/models/practice.rb": [
        0,
        0,
        0,
        0,
        0,
        0,
        null,
        0,
        0,
        0,
        0
      ]
    },
    "timestamp": 1555720013
  }
}
