{
  "RSpec": {
    "coverage": {
      "/mnt/c/Projects/TAMU_Polo_Assignment_Maker/app/helpers/application_helper.rb": [
        1,
        null,
        1,
        0,
        null,
        null,
        1,
        0,
        0,
        null,
        null,
        null,
        1,
        0,
        0,
        0,
        0,
        null,
        null
      ],
      "/mnt/c/Projects/TAMU_Polo_Assignment_Maker/app/helpers/home_helper.rb": [
        1,
        null
      ],
      "/mnt/c/Projects/TAMU_Polo_Assignment_Maker/app/helpers/horses_helper.rb": [
        1,
        null
      ],
      "/mnt/c/Projects/TAMU_Polo_Assignment_Maker/app/helpers/sessions_helper.rb": [
        1,
        null,
        1,
        0,
        null,
        null,
        null,
        1,
        0,
        null,
        null,
        1,
        0,
        0,
        null,
        null,
        null,
        1,
        0,
        0,
        null,
        null
      ],
      "/mnt/c/Projects/TAMU_Polo_Assignment_Maker/app/helpers/users_helper.rb": [
        1,
        null
      ],
      "/mnt/c/Projects/TAMU_Polo_Assignment_Maker/app/controllers/application_controller.rb": [
        0,
        null,
        null,
        0,
        0,
        0
      ],
      "/mnt/c/Projects/TAMU_Polo_Assignment_Maker/app/controllers/home_controller.rb": [
        0,
        0,
        null,
        0,
        0
      ],
      "/mnt/c/Projects/TAMU_Polo_Assignment_Maker/app/controllers/horses_controller.rb": [
        0,
        0,
        null,
        0,
        0,
        0,
        null,
        0,
        0,
        null,
        null,
        null,
        0,
        0,
        0,
        0,
        0,
        0,
        0,
        0,
        null,
        0,
        0,
        0,
        null,
        0,
        null,
        null,
        0,
        0,
        0,
        0
      ],
      "/mnt/c/Projects/TAMU_Polo_Assignment_Maker/app/controllers/sessions_controller.rb": [
        0,
        0,
        0,
        null,
        0,
        null,
        0,
        null,
        null,
        0,
        0,
        0,
        0,
        0,
        0,
        0,
        0,
        0,
        null,
        0,
        0,
        0,
        0,
        null,
        0
      ],
      "/mnt/c/Projects/TAMU_Polo_Assignment_Maker/app/models/horse.rb": [
        0,
        null,
        null,
        0,
        0,
        0,
        0
      ]
    },
    "timestamp": 1553805247
  },
  "Cucumber Features": {
    "coverage": {
      "/mnt/c/Projects/TAMU_Polo_Assignment_Maker/app/controllers/sessions_controller.rb": [
        1,
        null,
        1,
        null,
        null,
        null,
        1,
        null,
        null,
        0,
        null,
        0,
        0,
        0,
        null,
        null,
        0,
        0,
        null,
        null,
        null,
        1,
        0,
        0,
        null,
        null,
        null
      ],
      "/mnt/c/Projects/TAMU_Polo_Assignment_Maker/app/controllers/application_controller.rb": [
        1,
        null,
        null,
        1,
        1,
        null
      ],
      "/mnt/c/Projects/TAMU_Polo_Assignment_Maker/app/helpers/application_helper.rb": [
        1,
        null,
        1,
        0,
        null,
        null,
        1,
        0,
        0,
        null,
        null,
        null,
        1,
        0,
        0,
        0,
        0,
        null,
        null
      ],
      "/mnt/c/Projects/TAMU_Polo_Assignment_Maker/app/helpers/home_helper.rb": [
        1,
        null
      ],
      "/mnt/c/Projects/TAMU_Polo_Assignment_Maker/app/helpers/horses_helper.rb": [
        1,
        null
      ],
      "/mnt/c/Projects/TAMU_Polo_Assignment_Maker/app/helpers/sessions_helper.rb": [
        1,
        null,
        1,
        2,
        2,
        null,
        null,
        null,
        1,
        38,
        null,
        null,
        1,
        0,
        0,
        null,
        null,
        null,
        null,
        1,
        null,
        6,
        0,
        null,
        null,
        6,
        null,
        6,
        6,
        null,
        0,
        null,
        null,
        null,
        1,
        0,
        0,
        null,
        null
      ],
      "/mnt/c/Projects/TAMU_Polo_Assignment_Maker/app/helpers/users_helper.rb": [
        1,
        null
      ],
      "/mnt/c/Projects/TAMU_Polo_Assignment_Maker/app/controllers/users_controller.rb": [
        1,
        1,
        null,
        1,
        0,
        null,
        null,
        1,
        2,
        null,
        null,
        1,
        2,
        2,
        null,
        2,
        2,
        2,
        2,
        null,
        null,
        0,
        null,
        null,
        null,
        1,
        0,
        null,
        0,
        0,
        0,
        null,
        null,
        0,
        null,
        null,
        1,
        0,
        null,
        0,
        0,
        0,
        null,
        null,
        0,
        null,
        null,
        1,
        null,
        null,
        1,
        2,
        null,
        null
      ],
      "/mnt/c/Projects/TAMU_Polo_Assignment_Maker/app/models/user.rb": [
        1,
        null,
        3,
        1,
        1,
        1,
        1,
        null,
        null,
        1,
        1,
        null
      ],
      "/mnt/c/Projects/TAMU_Polo_Assignment_Maker/app/controllers/home_controller.rb": [
        1,
        1,
        null,
        null,
        null
      ],
      "/mnt/c/Projects/TAMU_Polo_Assignment_Maker/app/controllers/horses_controller.rb": [
        1,
        1,
        null,
        1,
        2,
        null,
        null,
        1,
        2,
        null,
        null,
        null,
        2,
        1,
        1,
        1,
        null,
        1,
        1,
        null,
        null,
        null,
        1,
        6,
        null,
        null,
        1,
        null,
        null,
        1,
        2,
        null,
        null
      ],
      "/mnt/c/Projects/TAMU_Polo_Assignment_Maker/app/models/horse.rb": [
        1,
        null,
        null,
        1,
        2,
        null,
        null
      ]
    },
    "timestamp": 1554748416
  }
}
